[28-Feb-2025 19:49:56 UTC] Upload script started.
[28-Feb-2025 19:50:55 UTC] Upload script started.
[28-Feb-2025 19:53:05 UTC] Upload script started.
[28-Feb-2025 19:58:14 UTC] Upload script started.
[28-Feb-2025 20:04:51 UTC] Upload script started.
[28-Feb-2025 20:10:39 UTC] Upload script started.
[28-Feb-2025 20:11:14 UTC] Upload script started.
[28-Feb-2025 20:11:49 UTC] Upload script started.
[28-Feb-2025 20:13:56 UTC] Upload script started.
[28-Feb-2025 20:14:33 UTC] Upload script started.
[28-Feb-2025 20:15:38 UTC] Upload script started.
[28-Feb-2025 20:20:13 UTC] Upload script started.
[28-Feb-2025 20:21:29 UTC] Upload script started.
[28-Feb-2025 20:22:15 UTC] Upload script started.
[28-Feb-2025 20:23:21 UTC] Upload script started.
[28-Feb-2025 20:25:16 UTC] Upload script started.
[28-Feb-2025 20:26:20 UTC] Upload script started.
[28-Feb-2025 20:29:14 UTC] Upload script started.
[28-Feb-2025 20:29:24 UTC] Upload script started.
[28-Feb-2025 20:30:46 UTC] Upload script started.
[28-Feb-2025 20:34:47 UTC] Upload script started.
[28-Feb-2025 20:42:39 UTC] Upload script started.
[28-Feb-2025 20:43:25 UTC] Upload script started.
[28-Feb-2025 20:44:36 UTC] Upload script started.
[28-Feb-2025 21:02:25 UTC] Upload script started.
[28-Feb-2025 21:03:18 UTC] Upload script started.
[28-Feb-2025 21:03:53 UTC] Upload script started.
[28-Feb-2025 21:06:22 UTC] Upload script started.
[28-Feb-2025 21:06:34 UTC] Upload script started.
[28-Feb-2025 21:07:33 UTC] Upload script started.
[28-Feb-2025 21:08:09 UTC] Upload script started.
[28-Feb-2025 21:09:57 UTC] Upload script started.
[28-Feb-2025 21:18:50 UTC] Upload script started.
[28-Feb-2025 21:19:45 UTC] Upload script started.
[28-Feb-2025 21:22:04 UTC] Upload script started.
[28-Feb-2025 21:22:31 UTC] Upload script started.
[28-Feb-2025 21:23:40 UTC] Upload script started.
[28-Feb-2025 21:23:47 UTC] Upload script started.
[28-Feb-2025 21:29:52 UTC] Upload script started.
[28-Feb-2025 21:33:47 UTC] Upload script started.
[28-Feb-2025 21:34:17 UTC] Upload script started.
[28-Feb-2025 21:35:28 UTC] Upload script started.
[28-Feb-2025 21:39:43 UTC] Upload script started.
[28-Feb-2025 21:41:32 UTC] Upload script started.
[28-Feb-2025 21:42:03 UTC] Upload script started.
[28-Feb-2025 21:52:38 UTC] Upload script started.
[28-Feb-2025 21:55:27 UTC] Upload script started.
[28-Feb-2025 21:55:52 UTC] Upload script started.
[28-Feb-2025 22:31:58 UTC] Upload script started.
[28-Feb-2025 23:16:38 UTC] Upload script started.
[28-Feb-2025 23:17:30 UTC] Upload script started.
[28-Feb-2025 23:18:06 UTC] Upload script started.
[28-Feb-2025 23:22:27 UTC] Upload script started.
[28-Feb-2025 23:26:41 UTC] Upload script started.
[28-Feb-2025 23:32:32 UTC] Upload script started.
[28-Feb-2025 23:35:20 UTC] Upload script started.
[28-Feb-2025 23:40:22 UTC] Upload script started.
[28-Feb-2025 23:41:26 UTC] Upload script started.
[28-Feb-2025 23:43:57 UTC] Upload script started.
[28-Feb-2025 23:52:45 UTC] Upload script started.
[28-Feb-2025 23:53:47 UTC] Upload script started.
[28-Feb-2025 23:57:03 UTC] Upload script started.
[01-Mar-2025 00:17:38 UTC] Upload script started.
[01-Mar-2025 00:25:16 UTC] Upload script started.
[01-Mar-2025 00:27:17 UTC] Upload script started.
[01-Mar-2025 00:30:41 UTC] Upload script started.
[01-Mar-2025 00:39:22 UTC] Upload script started.
[01-Mar-2025 00:42:00 UTC] Upload script started.
[01-Mar-2025 00:45:12 UTC] Upload script started.
[01-Mar-2025 00:45:49 UTC] Upload script started.
[01-Mar-2025 00:53:21 UTC] Upload script started.
[01-Mar-2025 00:58:27 UTC] Upload script started.
[01-Mar-2025 01:00:00 UTC] Upload script started.
[01-Mar-2025 01:00:47 UTC] Upload script started.
[01-Mar-2025 01:01:05 UTC] Upload script started.
[01-Mar-2025 01:02:53 UTC] Upload script started.
[01-Mar-2025 01:10:14 UTC] Upload script started.
[01-Mar-2025 01:10:21 UTC] Upload script started.
[01-Mar-2025 01:11:13 UTC] Upload script started.
[01-Mar-2025 01:11:13 UTC] DB Connection successful
[01-Mar-2025 01:13:11 UTC] Upload script started.
[01-Mar-2025 01:13:11 UTC] DB Connection successful
[01-Mar-2025 01:16:01 UTC] Upload script started.
[01-Mar-2025 01:16:01 UTC] DB Connection successful
[01-Mar-2025 01:21:07 UTC] Upload script started.
[01-Mar-2025 01:21:07 UTC] DB Connection successful
[01-Mar-2025 01:21:18 UTC] Upload script started.
[01-Mar-2025 01:21:18 UTC] DB Connection successful
[01-Mar-2025 01:22:01 UTC] Upload script started.
[01-Mar-2025 01:22:01 UTC] DB Connection successful
[01-Mar-2025 01:22:34 UTC] Upload script started.
[01-Mar-2025 01:22:34 UTC] DB Connection successful
[01-Mar-2025 01:25:32 UTC] Upload script started.
[01-Mar-2025 01:25:32 UTC] DB Connection successful
[01-Mar-2025 02:32:38 UTC] Upload script started.
[01-Mar-2025 02:32:38 UTC] DB Connection successful
[01-Mar-2025 02:33:08 UTC] Upload script started.
[01-Mar-2025 02:33:08 UTC] DB Connection successful
[01-Mar-2025 02:35:04 UTC] Upload script started.
[01-Mar-2025 02:35:04 UTC] DB Connection successful
[01-Mar-2025 02:38:11 UTC] Upload script started.
[01-Mar-2025 02:38:11 UTC] DB Connection successful
[01-Mar-2025 02:38:11 UTC] PHP Warning:  Undefined variable $row in /home/sf/projects/transaction-server/index.php on line 189
[01-Mar-2025 02:39:44 UTC] Upload script started.
[01-Mar-2025 02:39:44 UTC] DB Connection successful
[01-Mar-2025 02:39:44 UTC] PHP Warning:  Undefined variable $row in /home/sf/projects/transaction-server/index_old.php on line 189
[01-Mar-2025 02:45:58 UTC] Upload script started.
[01-Mar-2025 02:45:58 UTC] DB Connection successful
[01-Mar-2025 02:45:59 UTC] PHP Warning:  Undefined variable $row in /home/sf/projects/transaction-server/index.php on line 189
[01-Mar-2025 02:47:45 UTC] Upload script started.
[01-Mar-2025 02:47:45 UTC] DB Connection successful
[01-Mar-2025 02:47:45 UTC] PHP Warning:  Undefined variable $row in /home/sf/projects/transaction-server/index.php on line 189
[01-Mar-2025 02:48:33 UTC] Upload script started.
[01-Mar-2025 02:48:33 UTC] DB Connection successful
[01-Mar-2025 02:48:33 UTC] PHP Warning:  Undefined variable $row in /home/sf/projects/transaction-server/index.php on line 189
[01-Mar-2025 02:49:48 UTC] Upload script started.
[01-Mar-2025 02:49:48 UTC] DB Connection successful
[01-Mar-2025 02:49:48 UTC] PHP Warning:  Undefined variable $row in /home/sf/projects/transaction-server/index.php on line 189
[01-Mar-2025 02:49:48 UTC] PHP Warning:  Trying to access array offset on value of type null in /home/sf/projects/transaction-server/index.php on line 199
[01-Mar-2025 02:49:48 UTC] PHP Warning:  Trying to access array offset on value of type null in /home/sf/projects/transaction-server/index.php on line 200
[01-Mar-2025 02:49:48 UTC] PHP Warning:  Trying to access array offset on value of type null in /home/sf/projects/transaction-server/index.php on line 201
[01-Mar-2025 02:49:48 UTC] PHP Warning:  Trying to access array offset on value of type null in /home/sf/projects/transaction-server/index.php on line 202
[01-Mar-2025 02:49:48 UTC] PHP Warning:  Trying to access array offset on value of type null in /home/sf/projects/transaction-server/index.php on line 203
[01-Mar-2025 02:49:48 UTC] PHP Warning:  Trying to access array offset on value of type null in /home/sf/projects/transaction-server/index.php on line 204
[01-Mar-2025 02:49:48 UTC] PHP Warning:  Trying to access array offset on value of type null in /home/sf/projects/transaction-server/index.php on line 205
[01-Mar-2025 02:49:48 UTC] PHP Warning:  Trying to access array offset on value of type null in /home/sf/projects/transaction-server/index.php on line 207
[01-Mar-2025 02:49:48 UTC] PHP Warning:  Trying to access array offset on value of type null in /home/sf/projects/transaction-server/index.php on line 208
[01-Mar-2025 02:49:48 UTC] PHP Warning:  Trying to access array offset on value of type null in /home/sf/projects/transaction-server/index.php on line 217
[01-Mar-2025 02:53:49 UTC] Upload script started.
[01-Mar-2025 02:53:49 UTC] DB Connection successful
[01-Mar-2025 02:57:18 UTC] Upload script started.
[01-Mar-2025 02:57:18 UTC] DB Connection successful
[01-Mar-2025 02:57:18 UTC] PHP Fatal error:  Uncaught Error: Object of class mysqli_result could not be converted to string in /home/sf/projects/transaction-server/index.php:188
Stack trace:
#0 {main}
  thrown in /home/sf/projects/transaction-server/index.php on line 188
